Executing file  NYU Ada/Ed 1.11 SUN UNIX Version
ADAfile:	fcndecl.ada
ASTfile:	
AISfile:	fcndecl.ais
LIBfile:	spprt13.lib
	
	
    1   -- FCNDECL.ADA
    2   
    3   -- PACKAGE THAT MAY BE MODIFIED TO DECLARE FUNCTIONS THAT RETURN
    4   -- VALUES USABLE FOR INITIALIZATION OF CONSTANTS IN PACKAGE SPPRT13.
    5   
    6   WITH SYSTEM;
    7   PACKAGE FCNDECL IS
    8       -- INSERT FUNCTION DECLARATIONS AS NEEDED.
    9   
   10       -- THIS PACKAGE CONTAINS FUNCTIONS WHICH RETURN VALUES OF TYPE
   11       -- SYSTEM.ADDRESS.  THESE FUNCTIONS ARE USED BY PACKAGE SPPRT13.
   12    
   13       
   14       -- THE FUNCTION BODIES MUST CONFORM TO THE DESCRIPTIONS
   15       -- GIVEN IN THE COMMENTS FOLLOWING THE FUNCTION DECLARATIONS.
   16      
   17   
   18           FUNCTION VARIABLE_ADDRESS RETURN SYSTEM.ADDRESS;
   19               -- THIS FUNCTION MUST RETURN THE SAME VALUE AT EACH CALL.
   20               -- THE VALUE MUST BE A LEGITIMATE ADDRESS AT WHICH TO
   21               -- STORE A VARIABLE.
   22               -- IF THE IMPLEMENTATION DOES NOT PERMIT AN ADDRESS CLAUSE
   23               -- FOR A VARIABLE, THE FUNCTION MAY RETURN ANY VALUE.
   24   
   25           FUNCTION ENTRY_ADDRESS RETURN SYSTEM.ADDRESS;
   26               -- THIS FUNCTION MUST RETURN THE SAME VALUE AT EACH CALL.
   27               -- THE VALUE MUST BE A LEGITIMATE VALUE OF TYPE SYSTEM.ADDRESS
   28               -- APPROPRIATE FOR USE IN AN ADDRESS CLAUSE FOR A TASK ENTRY.
   29               -- IF THE IMPLEMENTATION DOES NOT PERMIT AN ADDRESS CLAUSE
   30               -- FOR AN ENTRY OF A TASK, THE FUNCTION MAY RETURN ANY VALUE.
   31   
   32      END FCNDECL;
   33   
   34      PACKAGE BODY FCNDECL IS
   35   
   36           FUNCTION VARIABLE_ADDRESS RETURN SYSTEM.ADDRESS IS
   37           BEGIN
   38             RETURN 0;
   39           END VARIABLE_ADDRESS;
   40   
   41           FUNCTION ENTRY_ADDRESS RETURN SYSTEM.ADDRESS IS
   42           BEGIN
   43             RETURN 0;
   44           END ENTRY_ADDRESS;
   45      
   46         END FCNDECL;
   
  No translation errors detected
