Executing file  NYU Ada/Ed 1.11 SUN UNIX Version
ADAfile:	system.ada
ASTfile:	
AISfile:	system.ais
LIBfile:	predef.lib
	
	
    1   package SYSTEM is
    2   
    3      type NAME    is (ADA_ED); 
    4      type ADDRESS is new INTEGER;
    5   
    6      SYSTEM_NAME  : constant NAME := ADA_ED;
    7      STORAGE_UNIT : constant      := 32;
    8      MEMORY_SIZE  : constant      := 2**30 - 1;
    9   
   10      -- System Dependent Named Numbers:
   11   
   12      MIN_INT      : constant      := -(2**30 - 1);
   13      MAX_INT      : constant      := 2**30 - 1;
   14      MAX_DIGITS   : constant      := 33;
   15      MAX_MANTISSA : constant      := 31;
   16      FINE_DELTA   : constant      := 2.0 ** (-31);
   17      TICK         : constant      := 0.01;
   18   
   19      -- Other System Dependent Declarations
   20   
   21      subtype PRIORITY is INTEGER range 0 .. 9;
   22   
   23      SYSTEM_ERROR : exception;
   24   
   25   end SYSTEM;
   26   
   
  No translation errors detected
